<?xml version="1.0" encoding="UTF-8"?>
<beans xmlns="http://www.springframework.org/schema/beans"
       xmlns:xsi="http://www.w3.org/2001/XMLSchema-instance"
       xmlns:context="http://www.springframework.org/schema/context"
       xsi:schemaLocation="http://www.springframework.org/schema/beans
 
http://www.springframework.org/schema/beans/spring-beans-3.0.xsd
http://www.springframework.org/schema/context
http://www.springframework.org/schema/context/spring-context-3.0.xsd">

    <context:component-scan base-package="com.softserveinc.ita.service.impl"/>
    <context:annotation-config/>

    <bean id="mailSender" class="org.springframework.mail.javamail.JavaMailSenderImpl">
        <property name="host" value="localhost"/>
        <property name="port" value="500"/>
        <property name="username" value="javasendertest@gmail.com"/>
        <property name="password" value="ldbtyo946fyfh"/>
    </bean>

    <bean id="velocityEngine"
          class="org.springframework.ui.velocity.VelocityEngineFactoryBean">
        <property name="velocityProperties">
            <props>
                <prop key="resource.loader">class</prop>
                <prop key="class.resource.loader.class">
                    org.apache.velocity.runtime.resource.loader.ClasspathResourceLoader
                </prop>
            </props>
        </property>
    </bean>

    <bean id ="mailService" class="com.softserveinc.ita.service.impl.MailServiceImpl"/>
    <bean id="jsonUtil" class="com.softserveinc.ita.utils.impl.JsonUtilJaxsonImpl"/>
    <bean id="httpRequestExecutor" class="com.softserveinc.ita.service.impl.HttpRequestExecutorRestImpl">
        <constructor-arg name="baseUrl" value="http://localhost:8080"/>
    </bean>
</beans>