<beans xmlns="http://www.springframework.org/schema/beans"
       xmlns:xsi="http://www.w3.org/2001/XMLSchema-instance"
       xmlns:context="http://www.springframework.org/schema/context"
       xmlns:mvc="http://www.springframework.org/schema/mvc"
       xsi:schemaLocation="http://www.springframework.org/schema/beans
        http://www.springframework.org/schema/beans/spring-beans.xsd
        http://www.springframework.org/schema/context http://www.springframework.org/schema/context/spring-context.xsd http://www.springframework.org/schema/mvc http://www.springframework.org/schema/mvc/spring-mvc.xsd">

    <context:component-scan base-package="com.softserveinc.ita"/>
    <!--For @Annotation-based configuration-->
    <context:annotation-config/>
    <mvc:annotation-driven/>
    <context:property-placeholder location="classpath:repository.properties"/>

    <bean class="org.springframework.web.servlet.view.InternalResourceViewResolver">
        <property name="prefix" value="/WEB-INF/pages/"/>
        <property name="suffix" value=".jsp"/>
    </bean>

    <bean id="jcrDataAccess" class="com.softserveinc.ita.jcr.jackrabbit.JcrJackrabbitDataAccessImpl"/>
    <bean id="imageProcessor" class="com.softserveinc.ita.imageprocessing.imgscalr.ImgscalrImpl"/>
    <bean id="imageService" class="com.softserveinc.ita.service.impl.ImageServiceImpl"/>
    <bean id="documentService" class="com.softserveinc.ita.service.impl.DocumentServiceImpl"/>

    <!--
        Custom session creator
    -->
    <bean id="jcrSession" class="com.softserveinc.ita.jcr.jackrabbit.JcrSessionCreator">
        <property name="homeDir" value="${repo.homeDir}"/>
        <property name="config" value="${repo.confDir}"/>
        <property name="userRole" value="admin"/>
    </bean>

    <!--For file uploading-->
    <bean id="multipartResolver"
          class="org.springframework.web.multipart.commons.CommonsMultipartResolver">

        <!-- one of the properties available; the maximum file size in bytes -->
        <property name="maxUploadSize" value="5000000"/>
    </bean>

    <!--Snippet for GET /imageupload-->
    <mvc:annotation-driven>
        <mvc:message-converters>
            <bean class="org.springframework.http.converter.ByteArrayHttpMessageConverter">
                <property name="supportedMediaTypes">
                    <list>
                        <value>image/jpeg</value>
                        <value>image/png</value>
                        <value>image/gif</value>
                    </list>
                </property>
            </bean>
        </mvc:message-converters>
    </mvc:annotation-driven>
</beans>